This is pdfTeX, Version 3.14159265-2.6-1.40.19 (TeX Live 2019/dev/Debian) (preloaded format=pdflatex 2019.10.13)  15 OCT 2019 21:00
entering extended mode
 restricted \write18 enabled.
 %&-line parsing enabled.
**Untitled.tex
(./Untitled.tex
LaTeX2e <2018-12-01>
(/usr/share/texlive/texmf-dist/tex/latex/base/article.cls
Document Class: article 2018/09/03 v1.4i Standard LaTeX document class
(/usr/share/texlive/texmf-dist/tex/latex/base/size11.clo
File: size11.clo 2018/09/03 v1.4i Standard LaTeX file (size option)
)
\c@part=\count80
\c@section=\count81
\c@subsection=\count82
\c@subsubsection=\count83
\c@paragraph=\count84
\c@subparagraph=\count85
\c@figure=\count86
\c@table=\count87
\abovecaptionskip=\skip41
\belowcaptionskip=\skip42
\bibindent=\dimen102
)
(/usr/share/texlive/texmf-dist/tex/latex/amsmath/amsmath.sty
Package: amsmath 2018/12/01 v2.17b AMS math features
\@mathmargin=\skip43

For additional information on amsmath, use the `?' option.
(/usr/share/texlive/texmf-dist/tex/latex/amsmath/amstext.sty
Package: amstext 2000/06/29 v2.01 AMS text

(/usr/share/texlive/texmf-dist/tex/latex/amsmath/amsgen.sty
File: amsgen.sty 1999/11/30 v2.0 generic functions
\@emptytoks=\toks14
\ex@=\dimen103
))
(/usr/share/texlive/texmf-dist/tex/latex/amsmath/amsbsy.sty
Package: amsbsy 1999/11/29 v1.2d Bold Symbols
\pmbraise@=\dimen104
)
(/usr/share/texlive/texmf-dist/tex/latex/amsmath/amsopn.sty
Package: amsopn 2016/03/08 v2.02 operator names
)
\inf@bad=\count88
LaTeX Info: Redefining \frac on input line 223.
\uproot@=\count89
\leftroot@=\count90
LaTeX Info: Redefining \overline on input line 385.
\classnum@=\count91
\DOTSCASE@=\count92
LaTeX Info: Redefining \ldots on input line 482.
LaTeX Info: Redefining \dots on input line 485.
LaTeX Info: Redefining \cdots on input line 606.
\Mathstrutbox@=\box27
\strutbox@=\box28
\big@size=\dimen105
LaTeX Font Info:    Redeclaring font encoding OML on input line 729.
LaTeX Font Info:    Redeclaring font encoding OMS on input line 730.
\macc@depth=\count93
\c@MaxMatrixCols=\count94
\dotsspace@=\muskip10
\c@parentequation=\count95
\dspbrk@lvl=\count96
\tag@help=\toks15
\row@=\count97
\column@=\count98
\maxfields@=\count99
\andhelp@=\toks16
\eqnshift@=\dimen106
\alignsep@=\dimen107
\tagshift@=\dimen108
\tagwidth@=\dimen109
\totwidth@=\dimen110
\lineht@=\dimen111
\@envbody=\toks17
\multlinegap=\skip44
\multlinetaggap=\skip45
\mathdisplay@stack=\toks18
LaTeX Info: Redefining \[ on input line 2844.
LaTeX Info: Redefining \] on input line 2845.
)
(/usr/share/texlive/texmf-dist/tex/latex/amsfonts/amsfonts.sty
Package: amsfonts 2013/01/14 v3.01 Basic AMSFonts support
\symAMSa=\mathgroup4
\symAMSb=\mathgroup5
LaTeX Font Info:    Overwriting math alphabet `\mathfrak' in version `bold'
(Font)                  U/euf/m/n --> U/euf/b/n on input line 106.
)
(/usr/share/texlive/texmf-dist/tex/latex/tools/bm.sty
Package: bm 2017/01/16 v1.2c Bold Symbol Support (DPC/FMi)
\symboldoperators=\mathgroup6
\symboldletters=\mathgroup7
\symboldsymbols=\mathgroup8
LaTeX Font Info:    Redeclaring math alphabet \mathbf on input line 141.
LaTeX Info: Redefining \bm on input line 207.
)
(/usr/share/texlive/texmf-dist/tex/latex/url/url.sty
\Urlmuskip=\muskip11
Package: url 2013/09/16  ver 3.4  Verb mode for urls, etc.
)
(/usr/share/texlive/texmf-dist/tex/latex/fancyvrb/fancyvrb.sty
Package: fancyvrb 2019/01/15

Style option: `fancyvrb' v3.2a <2019/01/15> (tvz)
(/usr/share/texlive/texmf-dist/tex/latex/graphics/keyval.sty
Package: keyval 2014/10/28 v1.15 key=value parser (DPC)
\KV@toks@=\toks19
)
\FV@CodeLineNo=\count100
\FV@InFile=\read1
\FV@TabBox=\box29
\c@FancyVerbLine=\count101
\FV@StepNumber=\count102
\FV@OutFile=\write3
)
(/usr/share/texlive/texmf-dist/tex/latex/graphics/graphicx.sty
Package: graphicx 2017/06/01 v1.1a Enhanced LaTeX Graphics (DPC,SPQR)

(/usr/share/texlive/texmf-dist/tex/latex/graphics/graphics.sty
Package: graphics 2017/06/25 v1.2c Standard LaTeX Graphics (DPC,SPQR)

(/usr/share/texlive/texmf-dist/tex/latex/graphics/trig.sty
Package: trig 2016/01/03 v1.10 sin cos tan (DPC)
)
(/usr/share/texlive/texmf-dist/tex/latex/graphics-cfg/graphics.cfg
File: graphics.cfg 2016/06/04 v1.11 sample graphics configuration
)
Package graphics Info: Driver file: pdftex.def on input line 99.

(/usr/share/texlive/texmf-dist/tex/latex/graphics-def/pdftex.def
File: pdftex.def 2018/01/08 v1.0l Graphics/color driver for pdftex
))
\Gin@req@height=\dimen112
\Gin@req@width=\dimen113
)
(/usr/share/texlive/texmf-dist/tex/latex/float/float.sty
Package: float 2001/11/08 v1.3d Float enhancements (AL)
\c@float@type=\count103
\float@exts=\toks20
\float@box=\box30
\@float@everytoks=\toks21
\@floatcapt=\box31
) (./Untitled.aux)
\openout1 = `Untitled.aux'.

LaTeX Font Info:    Checking defaults for OML/cmm/m/it on input line 9.
LaTeX Font Info:    ... okay on input line 9.
LaTeX Font Info:    Checking defaults for T1/cmr/m/n on input line 9.
LaTeX Font Info:    ... okay on input line 9.
LaTeX Font Info:    Checking defaults for OT1/cmr/m/n on input line 9.
LaTeX Font Info:    ... okay on input line 9.
LaTeX Font Info:    Checking defaults for OMS/cmsy/m/n on input line 9.
LaTeX Font Info:    ... okay on input line 9.
LaTeX Font Info:    Checking defaults for OMX/cmex/m/n on input line 9.
LaTeX Font Info:    ... okay on input line 9.
LaTeX Font Info:    Checking defaults for U/cmr/m/n on input line 9.
LaTeX Font Info:    ... okay on input line 9.

(/usr/share/texlive/texmf-dist/tex/context/base/mkii/supp-pdf.mkii
[Loading MPS to PDF converter (version 2006.09.02).]
\scratchcounter=\count104
\scratchdimen=\dimen114
\scratchbox=\box32
\nofMPsegments=\count105
\nofMParguments=\count106
\everyMPshowfont=\toks22
\MPscratchCnt=\count107
\MPscratchDim=\dimen115
\MPnumerator=\count108
\makeMPintoPDFobject=\count109
\everyMPtoPDFconversion=\toks23
) (/usr/share/texlive/texmf-dist/tex/latex/oberdiek/epstopdf-base.sty
Package: epstopdf-base 2016/05/15 v2.6 Base part for package epstopdf

(/usr/share/texlive/texmf-dist/tex/generic/oberdiek/infwarerr.sty
Package: infwarerr 2016/05/16 v1.4 Providing info/warning/error messages (HO)
)
(/usr/share/texlive/texmf-dist/tex/latex/oberdiek/grfext.sty
Package: grfext 2016/05/16 v1.2 Manage graphics extensions (HO)

(/usr/share/texlive/texmf-dist/tex/generic/oberdiek/kvdefinekeys.sty
Package: kvdefinekeys 2016/05/16 v1.4 Define keys (HO)

(/usr/share/texlive/texmf-dist/tex/generic/oberdiek/ltxcmds.sty
Package: ltxcmds 2016/05/16 v1.23 LaTeX kernel commands for general use (HO)
)))
(/usr/share/texlive/texmf-dist/tex/latex/oberdiek/kvoptions.sty
Package: kvoptions 2016/05/16 v3.12 Key value format for package options (HO)

(/usr/share/texlive/texmf-dist/tex/generic/oberdiek/kvsetkeys.sty
Package: kvsetkeys 2016/05/16 v1.17 Key value parser (HO)

(/usr/share/texlive/texmf-dist/tex/generic/oberdiek/etexcmds.sty
Package: etexcmds 2016/05/16 v1.6 Avoid name clashes with e-TeX commands (HO)

(/usr/share/texlive/texmf-dist/tex/generic/oberdiek/ifluatex.sty
Package: ifluatex 2016/05/16 v1.4 Provides the ifluatex switch (HO)
Package ifluatex Info: LuaTeX not detected.
))))
(/usr/share/texlive/texmf-dist/tex/generic/oberdiek/pdftexcmds.sty
Package: pdftexcmds 2018/09/10 v0.29 Utility functions of pdfTeX for LuaTeX (HO
)

(/usr/share/texlive/texmf-dist/tex/generic/oberdiek/ifpdf.sty
Package: ifpdf 2018/09/07 v3.3 Provides the ifpdf switch
)
Package pdftexcmds Info: LuaTeX not detected.
Package pdftexcmds Info: \pdf@primitive is available.
Package pdftexcmds Info: \pdf@ifprimitive is available.
Package pdftexcmds Info: \pdfdraftmode found.
)
Package epstopdf-base Info: Redefining graphics rule for `.eps' on input line 4
38.
Package grfext Info: Graphics extension search list:
(grfext)             [.pdf,.png,.jpg,.mps,.jpeg,.jbig2,.jb2,.PDF,.PNG,.JPG,.JPE
G,.JBIG2,.JB2,.eps]
(grfext)             \AppendGraphicsExtensions on input line 456.

(/usr/share/texlive/texmf-dist/tex/latex/latexconfig/epstopdf-sys.cfg
File: epstopdf-sys.cfg 2010/07/13 v1.3 Configuration of (r)epstopdf for TeX Liv
e
))
LaTeX Font Info:    Try loading font information for U+msa on input line 14.

(/usr/share/texlive/texmf-dist/tex/latex/amsfonts/umsa.fd
File: umsa.fd 2013/01/14 v3.01 AMS symbols A
)
LaTeX Font Info:    Try loading font information for U+msb on input line 14.

(/usr/share/texlive/texmf-dist/tex/latex/amsfonts/umsb.fd
File: umsb.fd 2013/01/14 v3.01 AMS symbols B
)
Overfull \hbox (21.66585pt too wide) in paragraph at lines 16--17
\OT1/cmr/m/n/10.95 mon-i-tor-ing data avail-able at $\OT1/cmtt/m/n/10.95 https 
: / / www . fhwa . dot . gov / policyinformation /
 []


Underfull \hbox (badness 10000) in paragraph at lines 18--19

 []

[1

{/var/lib/texmf/fonts/map/pdftex/updmap/pdftex.map}]
<HW/g4targ.png, id=12, 462.528pt x 346.896pt>
File: HW/g4targ.png Graphic file (type png)
<use HW/g4targ.png>
Package pdftex.def Info: HW/g4targ.png  used on input line 61.
(pdftex.def)             Requested size: 323.76738pt x 242.82553pt.
<HW/g4sample.png, id=14, 462.528pt x 346.896pt>
File: HW/g4sample.png Graphic file (type png)
<use HW/g4sample.png>
Package pdftex.def Info: HW/g4sample.png  used on input line 65.
(pdftex.def)             Requested size: 323.76738pt x 242.82553pt.
 [2]
<HW/g4scatter.png, id=18, 462.528pt x 346.896pt>
File: HW/g4scatter.png Graphic file (type png)
<use HW/g4scatter.png>
Package pdftex.def Info: HW/g4scatter.png  used on input line 69.
(pdftex.def)             Requested size: 323.76738pt x 242.82553pt.
<HW/g3targ.png, id=19, 462.528pt x 346.896pt>
File: HW/g3targ.png Graphic file (type png)
<use HW/g3targ.png>
Package pdftex.def Info: HW/g3targ.png  used on input line 73.
(pdftex.def)             Requested size: 323.76738pt x 242.82553pt.
 [3 <./HW/g4targ.png> <./HW/g4sample.png>]
<HW/g3sample.png, id=25, 462.528pt x 346.896pt>
File: HW/g3sample.png Graphic file (type png)
<use HW/g3sample.png>
Package pdftex.def Info: HW/g3sample.png  used on input line 77.
(pdftex.def)             Requested size: 323.76738pt x 242.82553pt.
<HW/g3scatter.png, id=26, 462.528pt x 346.896pt>
File: HW/g3scatter.png Graphic file (type png)
<use HW/g3scatter.png>
Package pdftex.def Info: HW/g3scatter.png  used on input line 81.
(pdftex.def)             Requested size: 323.76738pt x 242.82553pt.
 [4 <./HW/g4scatter.png> <./HW/g3targ.png>]
<HW/g25targ.png, id=32, 462.528pt x 346.896pt>
File: HW/g25targ.png Graphic file (type png)
<use HW/g25targ.png>
Package pdftex.def Info: HW/g25targ.png  used on input line 85.
(pdftex.def)             Requested size: 323.76738pt x 242.82553pt.
<HW/g25sample.png, id=33, 462.528pt x 346.896pt>
File: HW/g25sample.png Graphic file (type png)
<use HW/g25sample.png>
Package pdftex.def Info: HW/g25sample.png  used on input line 89.
(pdftex.def)             Requested size: 323.76738pt x 242.82553pt.
 [5 <./HW/g3sample.png> <./HW/g3scatter.png>]
<HW/g25scatter.png, id=39, 462.528pt x 346.896pt>
File: HW/g25scatter.png Graphic file (type png)
<use HW/g25scatter.png>
Package pdftex.def Info: HW/g25scatter.png  used on input line 93.
(pdftex.def)             Requested size: 323.76738pt x 242.82553pt.
<HW/g2targ.png, id=40, 462.528pt x 346.896pt>
File: HW/g2targ.png Graphic file (type png)
<use HW/g2targ.png>
Package pdftex.def Info: HW/g2targ.png  used on input line 97.
(pdftex.def)             Requested size: 323.76738pt x 242.82553pt.
 [6 <./HW/g25targ.png> <./HW/g25sample.png>]
<HW/g2sample.png, id=46, 462.528pt x 346.896pt>
File: HW/g2sample.png Graphic file (type png)
<use HW/g2sample.png>
Package pdftex.def Info: HW/g2sample.png  used on input line 101.
(pdftex.def)             Requested size: 323.76738pt x 242.82553pt.
<HW/g2scatter.png, id=47, 462.528pt x 346.896pt>
File: HW/g2scatter.png Graphic file (type png)
<use HW/g2scatter.png>
Package pdftex.def Info: HW/g2scatter.png  used on input line 105.
(pdftex.def)             Requested size: 323.76738pt x 242.82553pt.

[7 <./HW/g25scatter.png> <./HW/g2targ.png>] [8 <./HW/g2sample.png> <./HW/g2scat
ter.png>]
<HW/hw3p4res.png, id=59, 462.528pt x 346.896pt>
File: HW/hw3p4res.png Graphic file (type png)
<use HW/hw3p4res.png>
Package pdftex.def Info: HW/hw3p4res.png  used on input line 125.
(pdftex.def)             Requested size: 323.76738pt x 242.82553pt.

Underfull \hbox (badness 10000) in paragraph at lines 123--127

 []

[9]
<HW/hw3p4resfine.png, id=71, 462.528pt x 346.896pt>
File: HW/hw3p4resfine.png Graphic file (type png)
<use HW/hw3p4resfine.png>
Package pdftex.def Info: HW/hw3p4resfine.png  used on input line 130.
(pdftex.def)             Requested size: 323.76738pt x 242.82553pt.

Underfull \hbox (badness 10000) in paragraph at lines 128--132

 []

[10 <./HW/hw3p4res.png>]
<HW/hw3p5realmat.png, id=76, 462.528pt x 346.896pt>
File: HW/hw3p5realmat.png Graphic file (type png)
<use HW/hw3p5realmat.png>
Package pdftex.def Info: HW/hw3p5realmat.png  used on input line 137.
(pdftex.def)             Requested size: 323.76738pt x 242.82553pt.
 [11 <./HW/hw3p4resfine.png>]
<HW/hw3p5.png, id=81, 462.528pt x 346.896pt>
File: HW/hw3p5.png Graphic file (type png)
<use HW/hw3p5.png>
Package pdftex.def Info: HW/hw3p5.png  used on input line 145.
(pdftex.def)             Requested size: 323.76738pt x 242.82553pt.

Underfull \hbox (badness 10000) in paragraph at lines 143--147

 []

[12 <./HW/hw3p5realmat.png>] [13 <./HW/hw3p5.png>] [14] [15] [16] [17] [18]
[19] [20] [21] [22] [23] [24] [25] [26] [27] [28] [29] [30] [31] [32] [33]
(./Untitled.aux) ) 
Here is how much of TeX's memory you used:
 2812 strings out of 494561
 38832 string characters out of 6177453
 102450 words of memory out of 5000000
 6409 multiletter control sequences out of 15000+600000
 14595 words of font info for 54 fonts, out of 8000000 for 9000
 14 hyphenation exceptions out of 8191
 41i,7n,25p,1086b,272s stack positions out of 5000i,500n,10000p,200000b,80000s
</usr/share/texlive/texmf-dist/fonts/type1/public/amsfonts/cm
/cmbx10.pfb></usr/share/texlive/texmf-dist/fonts/type1/public/amsfonts/cm/cmbx1
2.pfb></usr/share/texlive/texmf-dist/fonts/type1/public/amsfonts/cm/cmex10.pfb>
</usr/share/texlive/texmf-dist/fonts/type1/public/amsfonts/cm/cmmi10.pfb></usr/
share/texlive/texmf-dist/fonts/type1/public/amsfonts/cm/cmmi6.pfb></usr/share/t
exlive/texmf-dist/fonts/type1/public/amsfonts/cm/cmmi8.pfb></usr/share/texlive/
texmf-dist/fonts/type1/public/amsfonts/cm/cmmib10.pfb></usr/share/texlive/texmf
-dist/fonts/type1/public/amsfonts/cm/cmr10.pfb></usr/share/texlive/texmf-dist/f
onts/type1/public/amsfonts/cm/cmr12.pfb></usr/share/texlive/texmf-dist/fonts/ty
pe1/public/amsfonts/cm/cmr17.pfb></usr/share/texlive/texmf-dist/fonts/type1/pub
lic/amsfonts/cm/cmr8.pfb></usr/share/texlive/texmf-dist/fonts/type1/public/amsf
onts/cm/cmsy10.pfb></usr/share/texlive/texmf-dist/fonts/type1/public/amsfonts/c
m/cmsy8.pfb></usr/share/texlive/texmf-dist/fonts/type1/public/amsfonts/cm/cmtt1
0.pfb>
Output written on Untitled.pdf (33 pages, 404963 bytes).
PDF statistics:
 200 PDF objects out of 1000 (max. 8388607)
 117 compressed objects within 2 object streams
 0 named destinations out of 1000 (max. 500000)
 81 words of extra memory for PDF output out of 10000 (max. 10000000)

